<?xml version="1.0" encoding="UTF-8"?>
<testng-results ignored="0" total="2" passed="2" failed="0" skipped="0">
  <reporter-output>
  </reporter-output>
  <suite started-at="2025-03-08T10:59:38 IST" name="Master Suite" finished-at="2025-03-08T10:59:58 IST" duration-ms="20089">
    <groups>
      <group name="Master">
        <method signature="TC_001_AccountRegistrationTest.verify_account_registration()[pri:0, instance:org.test.TC_001_AccountRegistrationTest@54c62d71]" name="verify_account_registration" class="org.test.TC_001_AccountRegistrationTest"/>
        <method signature="TC_002_LoginTest.verify_login()[pri:0, instance:org.test.TC_002_LoginTest@6ff65192]" name="verify_login" class="org.test.TC_002_LoginTest"/>
      </group> <!-- Master -->
      <group name="Sanity">
        <method signature="TC_002_LoginTest.verify_login()[pri:0, instance:org.test.TC_002_LoginTest@6ff65192]" name="verify_login" class="org.test.TC_002_LoginTest"/>
      </group> <!-- Sanity -->
      <group name="Regression">
        <method signature="TC_001_AccountRegistrationTest.verify_account_registration()[pri:0, instance:org.test.TC_001_AccountRegistrationTest@54c62d71]" name="verify_account_registration" class="org.test.TC_001_AccountRegistrationTest"/>
      </group> <!-- Regression -->
    </groups>
    <test started-at="2025-03-08T10:59:38 IST" name="Test" finished-at="2025-03-08T10:59:58 IST" duration-ms="20089">
      <class name="org.test.TC_001_AccountRegistrationTest">
        <test-method is-config="true" signature="setup(java.lang.String,java.lang.String)[pri:0, instance:org.test.TC_001_AccountRegistrationTest@54c62d71]" started-at="2025-03-08T10:59:38 IST" name="setup" finished-at="2025-03-08T10:59:49 IST" duration-ms="10719" status="PASS">
          <params>
            <param index="0">
              <value>
                <![CDATA[Windows]]>
              </value>
            </param>
            <param index="1">
              <value>
                <![CDATA[chrome]]>
              </value>
            </param>
          </params>
          <reporter-output>
          </reporter-output>
        </test-method> <!-- setup -->
        <test-method signature="verify_account_registration()[pri:0, instance:org.test.TC_001_AccountRegistrationTest@54c62d71]" started-at="2025-03-08T10:59:49 IST" name="verify_account_registration" finished-at="2025-03-08T10:59:51 IST" duration-ms="1835" status="PASS">
          <reporter-output>
          </reporter-output>
        </test-method> <!-- verify_account_registration -->
        <test-method is-config="true" signature="tearDown()[pri:0, instance:org.test.TC_001_AccountRegistrationTest@54c62d71]" started-at="2025-03-08T10:59:51 IST" name="tearDown" finished-at="2025-03-08T10:59:51 IST" duration-ms="112" status="PASS">
          <reporter-output>
          </reporter-output>
        </test-method> <!-- tearDown -->
      </class> <!-- org.test.TC_001_AccountRegistrationTest -->
      <class name="org.test.TC_002_LoginTest">
        <test-method is-config="true" signature="setup(java.lang.String,java.lang.String)[pri:0, instance:org.test.TC_002_LoginTest@6ff65192]" started-at="2025-03-08T10:59:51 IST" name="setup" finished-at="2025-03-08T10:59:56 IST" duration-ms="5231" status="PASS">
          <params>
            <param index="0">
              <value>
                <![CDATA[Windows]]>
              </value>
            </param>
            <param index="1">
              <value>
                <![CDATA[chrome]]>
              </value>
            </param>
          </params>
          <reporter-output>
          </reporter-output>
        </test-method> <!-- setup -->
        <test-method signature="verify_login()[pri:0, instance:org.test.TC_002_LoginTest@6ff65192]" started-at="2025-03-08T10:59:56 IST" name="verify_login" finished-at="2025-03-08T10:59:58 IST" duration-ms="1812" status="PASS">
          <reporter-output>
          </reporter-output>
        </test-method> <!-- verify_login -->
        <test-method is-config="true" signature="tearDown()[pri:0, instance:org.test.TC_002_LoginTest@6ff65192]" started-at="2025-03-08T10:59:58 IST" name="tearDown" finished-at="2025-03-08T10:59:58 IST" duration-ms="88" status="PASS">
          <reporter-output>
          </reporter-output>
        </test-method> <!-- tearDown -->
      </class> <!-- org.test.TC_002_LoginTest -->
    </test> <!-- Test -->
  </suite> <!-- Master Suite -->
</testng-results>
